<?xml version="1.0" encoding="UTF-8"?>
<!-- Generated by org.testng.reporters.JUnitReportReporter -->
<testsuite skipped="0" hostname="johnq-PC" name="testScripts.PersonalDetailsPageTest" tests="1" failures="0" timestamp="10 Feb 2018 00:41:49 GMT" time="1.420" errors="0">
  <testcase name="assertHomepage" time="1.420" classname="testScripts.PersonalDetailsPageTest"/>
</testsuite> <!-- testScripts.PersonalDetailsPageTest -->
