<?xml version="1.0" encoding="UTF-8"?>
<!-- Generated by org.testng.reporters.JUnitReportReporter -->
<testsuite skipped="0" hostname="johnq-PC" name="com.online.catalog.CatalogTest" tests="3" failures="0" timestamp="08 Feb 2018 04:13:12 GMT" time="10.941" errors="0">
  <testcase name="testLoginCustomer" time="5.913" classname="com.online.catalog.CatalogTest"/>
  <testcase name="testNewProductLink" time="4.746" classname="com.online.catalog.CatalogTest"/>
  <testcase name="testSortProductManufacturer" time="0.282" classname="com.online.catalog.CatalogTest"/>
</testsuite> <!-- com.online.catalog.CatalogTest -->
