<?xml version="1.0" encoding="UTF-8"?>
<!-- Generated by org.testng.reporters.JUnitReportReporter -->
<testsuite skipped="0" hostname="johnq-PC" name="com.online.catalog.CatalogTest" tests="3" failures="0" timestamp="01 Feb 2018 22:19:41 GMT" time="9.214" errors="0">
  <testcase name="testLoginCustomer" time="5.580" classname="com.online.catalog.CatalogTest"/>
  <testcase name="testNewProductLink" time="3.374" classname="com.online.catalog.CatalogTest"/>
  <testcase name="testSortProductManufacturer" time="0.260" classname="com.online.catalog.CatalogTest"/>
</testsuite> <!-- com.online.catalog.CatalogTest -->
