<?xml version="1.0" encoding="UTF-8"?>
<!-- Generated by org.testng.reporters.JUnitReportReporter -->
<testsuite skipped="0" hostname="johnq-PC" name="testScripts.ProductDetailsPageTest" tests="1" failures="0" timestamp="10 Feb 2018 00:41:31 GMT" time="4.850" errors="0">
  <testcase name="assertProductDetailspage" time="4.850" classname="testScripts.ProductDetailsPageTest"/>
</testsuite> <!-- testScripts.ProductDetailsPageTest -->
