<?xml version="1.0" encoding="UTF-8"?>
<!-- Generated by org.testng.reporters.JUnitReportReporter -->
<testsuite skipped="0" hostname="johnq-PC" name="testScripts.SortProductNamePageTest" tests="1" failures="0" timestamp="10 Feb 2018 00:41:04 GMT" time="0.635" errors="0">
  <testcase name="VerifySortProd_Name" time="0.635" classname="testScripts.SortProductNamePageTest"/>
</testsuite> <!-- testScripts.SortProductNamePageTest -->
